Android/app/build/outputs/mapping/release/mapping.txt
# compiler: R8
# compiler_version: 2.0.88
# min_api: 21
# pg_map_id: c8a5da9
# common_typos_disable
com.lunesu.pengchauferry.Coordinate -> g.c.a.a:
    double latitude -> a
    double longitude -> b
    com.lunesu.pengchauferry.Coordinate$Companion Companion -> c
    1:1:float com.lunesu.pengchauferry.Coordinate$Companion.haversine(double,double,double,double):0:0 -> a
    1:1:float com.lunesu.pengchauferry.Coordinate$Companion.access$haversine(com.lunesu.pengchauferry.Coordinate$Companion,double,double,double,double):0 -> a
    1:1:float distance(double,double):0 -> a
    2:2:double com.lunesu.pengchauferry.Coordinate$Companion.hav(double):0:0 -> a
    2:2:float com.lunesu.pengchauferry.Coordinate$Companion.haversine(double,double,double,double):0 -> a
    2:2:float com.lunesu.pengchauferry.Coordinate$Companion.access$haversine(com.lunesu.pengchauferry.Coordinate$Companion,double,double,double,double):0 -> a
    2:2:float distance(double,double):0 -> a
    3:3:float com.lunesu.pengchauferry.Coordinate$Companion.haversine(double,double,double,double):0:0 -> a
    3:3:float com.lunesu.pengchauferry.Coordinate$Companion.access$haversine(com.lunesu.pengchauferry.Coordinate$Companion,double,double,double,double):0 -> a
    3:3:float distance(double,double):0 -> a
    4:4:double com.lunesu.pengchauferry.Coordinate$Companion.hav(double):0:0 -> a
    4:4:float com.lunesu.pengchauferry.Coordinate$Companion.haversine(double,double,double,double):0 -> a
com.lunesu.pengchauferry.Coordinate$Companion -> g.c.a.a$a:
    1:1:void <init>():0:0 -> <init>
    1:1:void <init>(kotlin.jvm.internal.DefaultConstructorMarker):0 -> <init>
com.lunesu.pengchauferry.DbOpenHelper -> g.c.a.b:
com.lunesu.pengchauferry.Ferry -> g.c.a.c:
    java.lang.String fare -> f
    java.util.EnumSet days -> e
    org.joda.time.Duration dur -> d
    com.lunesu.pengchauferry.FerryPier via -> g
    org.joda.time.LocalTime time -> a
    com.lunesu.pengchauferry.FerryPier to -> c
    com.lunesu.pengchauferry.FerryPier from -> b
    1:1:void kotlin.jvm.internal.Intrinsics.checkParameterIsNotNull(java.lang.Object,java.lang.String):0:0 -> <init>
    1:1:void <init>(org.joda.time.LocalTime,com.lunesu.pengchauferry.FerryPier,com.lunesu.pengchauferry.FerryPier,org.joda.time.Duration,java.util.EnumSet,java.lang.String,com.lunesu.pengchauferry.FerryPier):0 -> <init>
com.lunesu.pengchauferry.FerryActivity -> com.lunesu.pengchauferry.FerryActivity:
    android.content.res.Resources overrideResources -> w
    kotlin.Lazy viewModel$delegate -> t
    kotlin.Lazy locationViewModel$delegate -> u
    boolean shouldSwitchPier -> v
    1:1:void com.lunesu.pengchauferry.Preferences.<init>(android.content.Context):0:0 -> onCreate
    1:1:void onCreate(android.os.Bundle):0 -> onCreate
    2:2:java.lang.String com.lunesu.pengchauferry.Preferences.getLanguage():0:0 -> onCreate
    2:2:void onCreate(android.os.Bundle):0 -> onCreate
    3:3:void onCreate(android.os.Bundle):0:0 -> onCreate
    4:4:androidx.fragment.app.FragmentManager androidx.fragment.app.FragmentActivity.getSupportFragmentManager():0:0 -> onCreate
    4:4:void onCreate(android.os.Bundle):0 -> onCreate
    5:5:androidx.fragment.app.FragmentManager androidx.fragment.app.FragmentController.getSupportFragmentManager():0:0 -> onCreate
    5:5:androidx.fragment.app.FragmentManager androidx.fragment.app.FragmentActivity.getSupportFragmentManager():0 -> onCreate
    5:5:void onCreate(android.os.Bundle):0 -> onCreate
    6:6:androidx.fragment.app.FragmentTransaction androidx.fragment.app.FragmentManager.beginTransaction():0:0 -> onCreate
    6:6:void onCreate(android.os.Bundle):0 -> onCreate
    7:7:void onCreate(android.os.Bundle):0:0 -> onCreate
    8:8:com.lunesu.pengchauferry.ui.ferry.FerryFragment com.lunesu.pengchauferry.ui.ferry.FerryFragment$Companion.newInstance():0:0 -> onCreate
...
androidx.appcompat.app.AppCompatDelegateImpl$AutoNightModeManager$1 -> f.b.k.k$g$a:
    androidx.appcompat.app.AppCompatDelegateImpl$AutoNightModeManager this$1 -> a
androidx.appcompat.app.AppCompatDelegateImpl$AutoTimeNightModeManager -> f.b.k.k$h:
    androidx.appcompat.app.TwilightManager mTwilightManager -> c
    androidx.appcompat.app.AppCompatDelegateImpl this$0 -> d
    android.content.IntentFilter createIntentFilterForBroadcastReceiver() -> b
    1:1:boolean androidx.appcompat.app.TwilightManager.isNight():0:0 -> c
    1:1:int getApplyableNightMode():0 -> c
    2:2:boolean androidx.appcompat.app.TwilightManager.isStateValid():0:0 -> c
    2:2:boolean androidx.appcompat.app.TwilightManager.isNight():0 -> c
    2:2:int getApplyableNightMode():0 -> c
    3:3:boolean androidx.appcompat.app.TwilightManager.isNight():0:0 -> c
    3:3:int getApplyableNightMode():0 -> c
    4:4:android.location.Location androidx.appcompat.app.TwilightManager.getLastKnownLocation():0:0 -> c
    4:4:boolean androidx.appcompat.app.TwilightManager.isNight():0 -> c
    4:4:int getApplyableNightMode():0 -> c
    5:5:void androidx.appcompat.app.TwilightManager.updateState(android.location.Location):0:0 -> c
    5:5:boolean androidx.appcompat.app.TwilightManager.isNight():0 -> c
    5:5:int getApplyableNightMode():0 -> c
    6:6:androidx.appcompat.app.TwilightCalculator androidx.appcompat.app.TwilightCalculator.getInstance():0:0 -> c
    6:6:void androidx.appcompat.app.TwilightManager.updateState(android.location.Location):0 -> c
    6:6:boolean androidx.appcompat.app.TwilightManager.isNight():0 -> c
    6:6:int getApplyableNightMode():0 -> c
androidx.appcompat.app.AppCompatDelegateImpl$ListMenuDecorView -> f.b.k.k$i:
    androidx.appcompat.app.AppCompatDelegateImpl this$0 -> m
    1:1:void androidx.appcompat.widget.ContentFrameLayout.<init>(android.content.Context):0:0 -> <init>
    1:1:void <init>(androidx.appcompat.app.AppCompatDelegateImpl,android.content.Context):0 -> <init>
    1:1:boolean isOutOfBounds(int,int):0:0 -> onInterceptTouchEvent
    1:1:boolean onInterceptTouchEvent(android.view.MotionEvent):0 -> onInterceptTouchEvent
    2:2:boolean onInterceptTouchEvent(android.view.MotionEvent):0:0 -> onInterceptTouchEvent
    3:3:void androidx.appcompat.app.AppCompatDelegateImpl.closePanel(int):0:0 -> onInterceptTouchEvent
    3:3:boolean onInterceptTouchEvent(android.view.MotionEvent):0 -> onInterceptTouchEvent
    4:4:boolean onInterceptTouchEvent(android.view.MotionEvent):0:0 -> onInterceptTouchEvent
androidx.appcompat.app.AppCompatDelegateImpl$PanelFeatureState -> f.b.k.k$j:
    boolean isOpen -> m
    boolean qwertyMode -> n
    boolean refreshDecorView -> o
    boolean refreshMenuContent -> p
    androidx.appcompat.view.menu.ListMenuPresenter listMenuPresenter -> i
    boolean isPrepared -> k
    boolean isHandled -> l
    int windowAnimations -> d
    android.content.Context listPresenterContext -> j
    int background -> b
    int gravity -> c
    int featureId -> a
    android.os.Bundle frozenActionViewState -> q
    android.view.ViewGroup decorView -> e
    android.view.View createdPanelView -> g
    android.view.View shownPanelView -> f
    androidx.appcompat.view.menu.MenuBuilder menu -> h
    1:1:void androidx.appcompat.view.menu.MenuBuilder.addMenuPresenter(androidx.appcompat.view.menu.MenuPresenter):0:0 -> a
    1:1:void setMenu(androidx.appcompat.view.menu.MenuBuilder):0 -> a
androidx.appcompat.app.AppCompatDelegateImpl$PanelMenuPresenterCallback -> f.b.k.k$k:
    androidx.appcompat.app.AppCompatDelegateImpl this$0 -> e
    void onCloseMenu(androidx.appcompat.view.menu.MenuBuilder,boolean) -> b
    boolean onOpenSubMenu(androidx.appcompat.view.menu.MenuBuilder) -> c